<?xml version="1.0" encoding="UTF-8"?>
<!-- Generated by org.testng.reporters.JUnitReportReporter -->
<testsuite skipped="0" hostname="DESKTOP-7JETSFH" name="runner.TestRunner" tests="1" failures="0" timestamp="2024-01-16T11:24:45 IST" time="8.816" errors="0">
  <testcase name="runScenario" time="8.816" classname="runner.TestRunner"/>
  <system-out/>
</testsuite> <!-- runner.TestRunner -->
