<?xml version="1.0" encoding="UTF-8"?>
<!-- Generated by org.testng.reporters.JUnitReportReporter -->
<testsuite hostname="DESKTOP-7JETSFH" failures="0" tests="2" name="runner.TestRunner" time="17.452" errors="0" timestamp="2024-01-20T21:30:57 IST" skipped="0">
  <testcase classname="runner.TestRunner" name="runScenario" time="11.226"/>
  <system-out/>
  <testcase classname="runner.TestRunner" name="runScenario" time="6.226"/>
  <system-out/>
</testsuite> <!-- runner.TestRunner -->
